2015-03-25 20:30:51.728 streetMeet[41870:1246325] DiskCookieStorage changing policy from 2 to 0, cookie file: file:///Users/LEIBO/Library/Developer/CoreSimulator/Devices/C569C21C-C92D-4A5F-BF54-468585438CE6/data/Containers/Data/Application/0D812B9B-3AD1-4502-95DC-23E735493615/Library/Cookies/Cookies.binarycookies
2015-03-25 20:30:51.797 streetMeet[41870:1246325] Apache Cordova native platform version 3.8.0 is starting.
2015-03-25 20:30:51.798 streetMeet[41870:1246325] Multi-tasking -> Device: YES, App: YES
2015-03-25 20:30:51.800 streetMeet[41870:1246325] Unlimited access to network resources
2015-03-25 20:30:51.971 streetMeet[41870:1246325] Resetting plugins due to page load.
2015-03-25 20:30:52.919 streetMeet[41870:1246325] Finished load of: file:///Users/LEIBO/Library/Developer/CoreSimulator/Devices/C569C21C-C92D-4A5F-BF54-468585438CE6/data/Containers/Bundle/Application/A69179A4-F59B-48C4-A3DE-5291058B889E/streetMeet.app/www/index.html#/login
2015-03-25 20:34:13.560 streetMeet[42335:1248914] DiskCookieStorage changing policy from 2 to 0, cookie file: file:///Users/LEIBO/Library/Developer/CoreSimulator/Devices/C569C21C-C92D-4A5F-BF54-468585438CE6/data/Containers/Data/Application/4C9E5C78-C0F2-4B1B-84A6-00417EC8FF75/Library/Cookies/Cookies.binarycookies
2015-03-25 20:34:13.634 streetMeet[42335:1248914] Apache Cordova native platform version 3.8.0 is starting.
2015-03-25 20:34:13.635 streetMeet[42335:1248914] Multi-tasking -> Device: YES, App: YES
2015-03-25 20:34:13.636 streetMeet[42335:1248914] Unlimited access to network resources
2015-03-25 20:34:13.813 streetMeet[42335:1248914] Resetting plugins due to page load.
2015-03-25 20:34:14.422 streetMeet[42335:1248914] Finished load of: file:///Users/LEIBO/Library/Developer/CoreSimulator/Devices/C569C21C-C92D-4A5F-BF54-468585438CE6/data/Containers/Bundle/Application/A5C4F86D-8048-4E5A-9C53-7CEA6D61B47A/streetMeet.app/www/index.html#/login
2015-03-25 20:38:33.636 streetMeet[42794:1251512] DiskCookieStorage changing policy from 2 to 0, cookie file: file:///Users/LEIBO/Library/Developer/CoreSimulator/Devices/C569C21C-C92D-4A5F-BF54-468585438CE6/data/Containers/Data/Application/D3CAA212-0552-46E4-ACAA-23241C259E8D/Library/Cookies/Cookies.binarycookies
2015-03-25 20:38:33.707 streetMeet[42794:1251512] Apache Cordova native platform version 3.8.0 is starting.
2015-03-25 20:38:33.707 streetMeet[42794:1251512] Multi-tasking -> Device: YES, App: YES
2015-03-25 20:38:33.709 streetMeet[42794:1251512] Unlimited access to network resources
2015-03-25 20:38:33.875 streetMeet[42794:1251512] Resetting plugins due to page load.
2015-03-25 20:38:35.204 streetMeet[42794:1251512] Finished load of: file:///Users/LEIBO/Library/Developer/CoreSimulator/Devices/C569C21C-C92D-4A5F-BF54-468585438CE6/data/Containers/Bundle/Application/172F15D4-5A98-45E2-BF6D-AC189E557624/streetMeet.app/www/index.html#/login
2015-03-26 19:09:51.893 streetMeet[47762:1278670] DiskCookieStorage changing policy from 2 to 0, cookie file: file:///Users/LEIBO/Library/Developer/CoreSimulator/Devices/C569C21C-C92D-4A5F-BF54-468585438CE6/data/Containers/Data/Application/3A050D47-A027-4A3C-9B47-BBCE03D77C96/Library/Cookies/Cookies.binarycookies
2015-03-26 19:09:51.993 streetMeet[47762:1278670] Apache Cordova native platform version 3.8.0 is starting.
2015-03-26 19:09:51.994 streetMeet[47762:1278670] Multi-tasking -> Device: YES, App: YES
2015-03-26 19:09:51.996 streetMeet[47762:1278670] Unlimited access to network resources
2015-03-26 19:09:52.198 streetMeet[47762:1278670] Resetting plugins due to page load.
2015-03-26 19:09:53.736 streetMeet[47762:1278670] Finished load of: file:///Users/LEIBO/Library/Developer/CoreSimulator/Devices/C569C21C-C92D-4A5F-BF54-468585438CE6/data/Containers/Bundle/Application/F567E903-F778-48B3-8703-9629BED4C5A3/streetMeet.app/www/index.html#/login
2015-03-26 19:09:56.676 streetMeet[47762:1278670] Resetting plugins due to page load.
2015-03-26 19:09:56.783 streetMeet[47762:1278670] Finished load of: file:///Users/LEIBO/Library/Developer/CoreSimulator/Devices/C569C21C-C92D-4A5F-BF54-468585438CE6/data/Containers/Bundle/Application/F567E903-F778-48B3-8703-9629BED4C5A3/streetMeet.app/www/index.html?#/login
2015-03-26 19:11:23.725 streetMeet[48213:1280212] DiskCookieStorage changing policy from 2 to 0, cookie file: file:///Users/LEIBO/Library/Developer/CoreSimulator/Devices/C569C21C-C92D-4A5F-BF54-468585438CE6/data/Containers/Data/Application/4B4D4908-B443-4873-A051-4CED67057F40/Library/Cookies/Cookies.binarycookies
2015-03-26 19:11:23.807 streetMeet[48213:1280212] Apache Cordova native platform version 3.8.0 is starting.
2015-03-26 19:11:23.808 streetMeet[48213:1280212] Multi-tasking -> Device: YES, App: YES
2015-03-26 19:11:23.811 streetMeet[48213:1280212] Unlimited access to network resources
2015-03-26 19:11:23.968 streetMeet[48213:1280212] Resetting plugins due to page load.
2015-03-26 19:11:25.289 streetMeet[48213:1280212] Finished load of: file:///Users/LEIBO/Library/Developer/CoreSimulator/Devices/C569C21C-C92D-4A5F-BF54-468585438CE6/data/Containers/Bundle/Application/60FB77F4-047F-48B2-B181-EB08CC2F8A1A/streetMeet.app/www/index.html#/login
2015-03-26 19:15:18.243 streetMeet[48660:1282637] DiskCookieStorage changing policy from 2 to 0, cookie file: file:///Users/LEIBO/Library/Developer/CoreSimulator/Devices/C569C21C-C92D-4A5F-BF54-468585438CE6/data/Containers/Data/Application/A1284625-5A6F-4D85-A0BF-F2B1217CB022/Library/Cookies/Cookies.binarycookies
2015-03-26 19:15:18.338 streetMeet[48660:1282637] Apache Cordova native platform version 3.8.0 is starting.
2015-03-26 19:15:18.339 streetMeet[48660:1282637] Multi-tasking -> Device: YES, App: YES
2015-03-26 19:15:18.341 streetMeet[48660:1282637] Unlimited access to network resources
2015-03-26 19:15:18.483 streetMeet[48660:1282637] Resetting plugins due to page load.
2015-03-26 19:15:19.156 streetMeet[48660:1282637] Finished load of: file:///Users/LEIBO/Library/Developer/CoreSimulator/Devices/C569C21C-C92D-4A5F-BF54-468585438CE6/data/Containers/Bundle/Application/14928C35-E995-4F13-A0C1-7E67DFBE383A/streetMeet.app/www/index.html#/login
2015-03-26 19:18:57.252 streetMeet[49093:1285087] DiskCookieStorage changing policy from 2 to 0, cookie file: file:///Users/LEIBO/Library/Developer/CoreSimulator/Devices/C569C21C-C92D-4A5F-BF54-468585438CE6/data/Containers/Data/Application/4D86D51E-9A73-4D04-A485-7C7473FC53E0/Library/Cookies/Cookies.binarycookies
2015-03-26 19:18:57.321 streetMeet[49093:1285087] Apache Cordova native platform version 3.8.0 is starting.
2015-03-26 19:18:57.321 streetMeet[49093:1285087] Multi-tasking -> Device: YES, App: YES
2015-03-26 19:18:57.324 streetMeet[49093:1285087] Unlimited access to network resources
2015-03-26 19:18:57.476 streetMeet[49093:1285087] Resetting plugins due to page load.
2015-03-26 19:18:58.688 streetMeet[49093:1285087] Finished load of: file:///Users/LEIBO/Library/Developer/CoreSimulator/Devices/C569C21C-C92D-4A5F-BF54-468585438CE6/data/Containers/Bundle/Application/8D08AC5C-B87B-4745-B646-361CFD44FF12/streetMeet.app/www/index.html#/login
2015-03-26 19:19:22.548 streetMeet[49495:1285939] DiskCookieStorage changing policy from 2 to 0, cookie file: file:///Users/LEIBO/Library/Developer/CoreSimulator/Devices/C569C21C-C92D-4A5F-BF54-468585438CE6/data/Containers/Data/Application/F79128D8-A56E-4A8C-B866-0E10ADF0E2D8/Library/Cookies/Cookies.binarycookies
2015-03-26 19:19:22.652 streetMeet[49495:1285939] Apache Cordova native platform version 3.8.0 is starting.
2015-03-26 19:19:22.652 streetMeet[49495:1285939] Multi-tasking -> Device: YES, App: YES
2015-03-26 19:19:22.655 streetMeet[49495:1285939] Unlimited access to network resources
2015-03-26 19:19:22.809 streetMeet[49495:1285939] Resetting plugins due to page load.
2015-03-26 19:19:23.182 streetMeet[49495:1285939] Finished load of: file:///Users/LEIBO/Library/Developer/CoreSimulator/Devices/C569C21C-C92D-4A5F-BF54-468585438CE6/data/Containers/Bundle/Application/645FD192-1833-46C3-BB4A-4834BB3C4837/streetMeet.app/www/index.html#/login
2015-03-26 19:20:17.471 streetMeet[50280:1287402] DiskCookieStorage changing policy from 2 to 0, cookie file: file:///Users/LEIBO/Library/Developer/CoreSimulator/Devices/C569C21C-C92D-4A5F-BF54-468585438CE6/data/Containers/Data/Application/5F68654F-39D0-4B1B-83C7-FFDE4D177DA6/Library/Cookies/Cookies.binarycookies
2015-03-26 19:20:17.524 streetMeet[50280:1287402] Apache Cordova native platform version 3.8.0 is starting.
2015-03-26 19:20:17.525 streetMeet[50280:1287402] Multi-tasking -> Device: YES, App: YES
2015-03-26 19:20:17.527 streetMeet[50280:1287402] Unlimited access to network resources
2015-03-26 19:20:17.670 streetMeet[50280:1287402] Resetting plugins due to page load.
2015-03-26 19:20:19.045 streetMeet[50280:1287402] Finished load of: file:///Users/LEIBO/Library/Developer/CoreSimulator/Devices/C569C21C-C92D-4A5F-BF54-468585438CE6/data/Containers/Bundle/Application/2EB23D12-32CC-4212-9B41-41DBF1BFFE1C/streetMeet.app/www/index.html#/login
2015-03-26 19:44:22.341 streetMeet[51152:1292633] DiskCookieStorage changing policy from 2 to 0, cookie file: file:///Users/LEIBO/Library/Developer/CoreSimulator/Devices/C569C21C-C92D-4A5F-BF54-468585438CE6/data/Containers/Data/Application/9C30ADA5-F23F-4094-840F-F0184E8A2CC8/Library/Cookies/Cookies.binarycookies
2015-03-26 19:44:22.402 streetMeet[51152:1292633] Apache Cordova native platform version 3.8.0 is starting.
2015-03-26 19:44:22.402 streetMeet[51152:1292633] Multi-tasking -> Device: YES, App: YES
2015-03-26 19:44:22.404 streetMeet[51152:1292633] Unlimited access to network resources
2015-03-26 19:44:22.553 streetMeet[51152:1292633] Resetting plugins due to page load.
2015-03-26 19:44:23.150 streetMeet[51152:1292633] Finished load of: file:///Users/LEIBO/Library/Developer/CoreSimulator/Devices/C569C21C-C92D-4A5F-BF54-468585438CE6/data/Containers/Bundle/Application/CFF90311-7433-471E-AFE8-47AEC4579249/streetMeet.app/www/index.html#/login
2015-03-26 19:52:28.054 streetMeet[51692:1297169] DiskCookieStorage changing policy from 2 to 0, cookie file: file:///Users/LEIBO/Library/Developer/CoreSimulator/Devices/C569C21C-C92D-4A5F-BF54-468585438CE6/data/Containers/Data/Application/C96C74D6-5D38-45FF-830B-2D1F3F31FF3C/Library/Cookies/Cookies.binarycookies
2015-03-26 19:52:28.163 streetMeet[51692:1297169] Apache Cordova native platform version 3.8.0 is starting.
2015-03-26 19:52:28.164 streetMeet[51692:1297169] Multi-tasking -> Device: YES, App: YES
2015-03-26 19:52:28.165 streetMeet[51692:1297169] Unlimited access to network resources
2015-03-26 19:52:28.411 streetMeet[51692:1297169] Resetting plugins due to page load.
2015-03-26 19:52:28.961 streetMeet[51692:1297169] Finished load of: file:///Users/LEIBO/Library/Developer/CoreSimulator/Devices/C569C21C-C92D-4A5F-BF54-468585438CE6/data/Containers/Bundle/Application/0857A579-F7FF-4B39-88C8-3387D69DF7EC/streetMeet.app/www/index.html#/login
2015-03-26 19:52:42.802 streetMeet[52133:1298169] DiskCookieStorage changing policy from 2 to 0, cookie file: file:///Users/LEIBO/Library/Developer/CoreSimulator/Devices/C569C21C-C92D-4A5F-BF54-468585438CE6/data/Containers/Data/Application/5D5EBBEE-BB5D-4665-8A03-EB96868EF225/Library/Cookies/Cookies.binarycookies
2015-03-26 19:52:42.885 streetMeet[52133:1298169] Apache Cordova native platform version 3.8.0 is starting.
2015-03-26 19:52:42.886 streetMeet[52133:1298169] Multi-tasking -> Device: YES, App: YES
2015-03-26 19:52:42.888 streetMeet[52133:1298169] Unlimited access to network resources
2015-03-26 19:52:43.051 streetMeet[52133:1298169] Resetting plugins due to page load.
2015-03-26 19:52:43.550 streetMeet[52133:1298169] Finished load of: file:///Users/LEIBO/Library/Developer/CoreSimulator/Devices/C569C21C-C92D-4A5F-BF54-468585438CE6/data/Containers/Bundle/Application/2BAF6790-59C6-4BD2-BEB9-7D0F7A3E8BA7/streetMeet.app/www/index.html#/login
